This is pdfTeX, Version 3.14159265-2.6-1.40.16 (TeX Live 2015) (preloaded format=pdflatex 2018.6.15)  16 JUL 2018 12:15
entering extended mode
 restricted \write18 enabled.
 %&-line parsing enabled.
**restfulSE
(./restfulSE.tex
LaTeX2e <2016/03/31>
Babel <3.9q> and hyphenation patterns for 81 language(s) loaded.
(./gen-bioinformatics.cls
Document Class: gen-bioinformatics 
(/usr/local/texlive/2015/texmf-dist/tex/latex/graphics/graphicx.sty
Package: graphicx 2014/10/28 v1.0g Enhanced LaTeX Graphics (DPC,SPQR)

(/usr/local/texlive/2015/texmf-dist/tex/latex/graphics/keyval.sty
Package: keyval 2014/10/28 v1.15 key=value parser (DPC)
\KV@toks@=\toks14
)
(/usr/local/texlive/2015/texmf-dist/tex/latex/graphics/graphics.sty
Package: graphics 2016/01/03 v1.0q Standard LaTeX Graphics (DPC,SPQR)

(/usr/local/texlive/2015/texmf-dist/tex/latex/graphics/trig.sty
Package: trig 2016/01/03 v1.10 sin cos tan (DPC)
)
(/usr/local/texlive/2015/texmf-dist/tex/latex/latexconfig/graphics.cfg
File: graphics.cfg 2010/04/23 v1.9 graphics configuration of TeX Live
)
Package graphics Info: Driver file: pdftex.def on input line 95.

(/usr/local/texlive/2015/texmf-dist/tex/latex/pdftex-def/pdftex.def
File: pdftex.def 2011/05/27 v0.06d Graphics/color for pdfTeX

(/usr/local/texlive/2015/texmf-dist/tex/generic/oberdiek/infwarerr.sty
Package: infwarerr 2010/04/08 v1.3 Providing info/warning/error messages (HO)
)
(/usr/local/texlive/2015/texmf-dist/tex/generic/oberdiek/ltxcmds.sty
Package: ltxcmds 2011/11/09 v1.22 LaTeX kernel commands for general use (HO)
)
\Gread@gobject=\count79
))
\Gin@req@height=\dimen102
\Gin@req@width=\dimen103
)
(/usr/local/texlive/2015/texmf-dist/tex/latex/graphics/color.sty
Package: color 2016/01/03 v1.1b Standard LaTeX Color (DPC)

(/usr/local/texlive/2015/texmf-dist/tex/latex/latexconfig/color.cfg
File: color.cfg 2007/01/18 v1.5 color configuration of teTeX/TeXLive
)
Package color Info: Driver file: pdftex.def on input line 143.
)
\c@bioinformatics@status=\count80

(/usr/local/texlive/2015/texmf-dist/tex/latex/base/article.cls
Document Class: article 2014/09/29 v1.4h Standard LaTeX document class
(/usr/local/texlive/2015/texmf-dist/tex/latex/base/size10.clo
File: size10.clo 2014/09/29 v1.4h Standard LaTeX file (size option)
)
\c@part=\count81
\c@section=\count82
\c@subsection=\count83
\c@subsubsection=\count84
\c@paragraph=\count85
\c@subparagraph=\count86
\c@figure=\count87
\c@table=\count88
\abovecaptionskip=\skip41
\belowcaptionskip=\skip42
\bibindent=\dimen104
)

LaTeX Font Warning: Font shape `OT1/cmr/m/n' in size <10.5> not available
(Font)              size <10.95> substituted on input line 125.

\TextWidth=\skip43
\c@@volumenumber=\count89
\c@@issuenumber=\count90
\c@@pages=\count91
\BIOINFORMATICS@figbox=\box26
\extrarowheight=\dimen105
(/usr/local/texlive/2015/texmf-dist/tex/latex/base/ifthen.sty
Package: ifthen 2014/09/29 v1.1c Standard LaTeX ifthen package (DPC)
)
(/usr/local/texlive/2015/texmf-dist/tex/latex/tools/xspace.sty
Package: xspace 2014/10/28 v1.13 Space after command names (DPC,MH)
)
(./bioinformaticstitle.sty
Package: bioinformaticstitle 1999/10/20 ver. 1.0 Title Formatting for Bioinform
atics
\pgstyle=\toks15
\c@iCtr=\count92
\c@supControl@Ctr=\count93
\c@supCtr=\count94
\c@tmpCtr=\count95
\c@supLenCtr=\count96
\c@footCtr=\count97
\c@penultimateAuthor@Ctr=\count98
\c@lastAuthor@Ctr=\count99
\c@penultimateAddress@Ctr=\count100
\c@lastAddress@Ctr=\count101
\c@titAuthor@Ctr=\count102
\c@titInit@Ctr=\count103
\c@titFnm@Ctr=\count104
\c@titSnm@Ctr=\count105
\c@titAddress@Ctr=\count106
\c@titAddressControl@Ctr=\count107
\c@titAuthorControl@Ctr=\count108
\c@thanks@Ctr=\count109
\titlelength=\skip44
) (./bioinformaticsbib.sty
Package: bioinformaticsbib 
\c@authorIntialCtr=\count110
\c@authorFnmCtr=\count111
\c@authorCtr=\count112
\c@artCtr=\count113
\c@check@Ctr=\count114
\c@totalAuthors=\count115
\c@authorAndCount=\count116
\c@authorStopCount=\count117
\c@editorIntialCtr=\count118
\c@editorFnmCtr=\count119
\c@editorCtr=\count120
\c@totalEditors=\count121
\c@editorAndCount=\count122
\c@editorStopCount=\count123
\c@@punct=\count124
\c@@@attr=\count125
)
(/usr/local/texlive/2015/texmf-dist/tex/latex/natbib/natbib.sty
Package: natbib 2010/09/13 8.31b (PWD, AO)
\bibhang=\skip45
\bibsep=\skip46
LaTeX Info: Redefining \cite on input line 694.
\c@NAT@ctr=\count126
))
(/usr/local/texlive/2015/texmf-dist/tex/latex/amsfonts/amssymb.sty
Package: amssymb 2013/01/14 v3.01 AMS font symbols

(/usr/local/texlive/2015/texmf-dist/tex/latex/amsfonts/amsfonts.sty
Package: amsfonts 2013/01/14 v3.01 Basic AMSFonts support
\@emptytoks=\toks16
\symAMSa=\mathgroup4
\symAMSb=\mathgroup5
LaTeX Font Info:    Overwriting math alphabet `\mathfrak' in version `bold'
(Font)                  U/euf/m/n --> U/euf/b/n on input line 106.
))
(./url.sty
Package: url 1999/03/02  ver 1.4  Verb mode for urls, email addresses, and file
 names
) (/usr/local/texlive/2015/texmf-dist/tex/latex/psnfss/times.sty
Package: times 2005/04/12 PSNFSS-v9.2a (SPQR) 
)
(/usr/local/texlive/2015/texmf-dist/tex/latex/amsmath/amsmath.sty
Package: amsmath 2016/03/10 v2.15b AMS math features
\@mathmargin=\skip47

For additional information on amsmath, use the `?' option.
(/usr/local/texlive/2015/texmf-dist/tex/latex/amsmath/amstext.sty
Package: amstext 2000/06/29 v2.01 AMS text

(/usr/local/texlive/2015/texmf-dist/tex/latex/amsmath/amsgen.sty
File: amsgen.sty 1999/11/30 v2.0 generic functions
\@emptytoks=\toks17
\ex@=\dimen106
))
(/usr/local/texlive/2015/texmf-dist/tex/latex/amsmath/amsbsy.sty
Package: amsbsy 1999/11/29 v1.2d Bold Symbols
\pmbraise@=\dimen107
)
(/usr/local/texlive/2015/texmf-dist/tex/latex/amsmath/amsopn.sty
Package: amsopn 2016/03/08 v2.02 operator names
)
\inf@bad=\count127
LaTeX Info: Redefining \frac on input line 199.
\uproot@=\count128
\leftroot@=\count129
LaTeX Info: Redefining \overline on input line 297.
\classnum@=\count130
\DOTSCASE@=\count131
LaTeX Info: Redefining \ldots on input line 394.
LaTeX Info: Redefining \dots on input line 397.
LaTeX Info: Redefining \cdots on input line 518.
\Mathstrutbox@=\box27
\strutbox@=\box28
\big@size=\dimen108
LaTeX Font Info:    Redeclaring font encoding OML on input line 634.
LaTeX Font Info:    Redeclaring font encoding OMS on input line 635.
\macc@depth=\count132
\c@MaxMatrixCols=\count133
\dotsspace@=\muskip10
\c@parentequation=\count134
\dspbrk@lvl=\count135
\tag@help=\toks18
\row@=\count136
\column@=\count137
\maxfields@=\count138
\andhelp@=\toks19
\eqnshift@=\dimen109
\alignsep@=\dimen110
\tagshift@=\dimen111
\tagwidth@=\dimen112
\totwidth@=\dimen113
\lineht@=\dimen114
\@envbody=\toks20
\multlinegap=\skip48
\multlinetaggap=\skip49
\mathdisplay@stack=\toks21
LaTeX Info: Redefining \[ on input line 2739.
LaTeX Info: Redefining \] on input line 2740.
)
(/usr/local/texlive/2015/texmf-dist/tex/latex/tools/dcolumn.sty
Package: dcolumn 2014/10/28 v1.06 decimal alignment package (DPC)

(/usr/local/texlive/2015/texmf-dist/tex/latex/tools/array.sty
Package: array 2014/10/28 v2.4c Tabular extension package (FMi)
\col@sep=\dimen115
\extrarowheight=\dimen116
\NC@list=\toks22
\extratabsurround=\skip50
\backup@length=\skip51


LaTeX Warning: Command \@xhline  has changed.
               Check if current package is valid.

)) (./restfulSE.aux)
\openout1 = `restfulSE.aux'.

LaTeX Font Info:    Checking defaults for OML/cmm/m/it on input line 58.
LaTeX Font Info:    ... okay on input line 58.
LaTeX Font Info:    Checking defaults for T1/cmr/m/n on input line 58.
LaTeX Font Info:    ... okay on input line 58.
LaTeX Font Info:    Checking defaults for OT1/cmr/m/n on input line 58.
LaTeX Font Info:    ... okay on input line 58.
LaTeX Font Info:    Checking defaults for OMS/cmsy/m/n on input line 58.
LaTeX Font Info:    ... okay on input line 58.
LaTeX Font Info:    Checking defaults for OMX/cmex/m/n on input line 58.
LaTeX Font Info:    ... okay on input line 58.
LaTeX Font Info:    Checking defaults for U/cmr/m/n on input line 58.
LaTeX Font Info:    ... okay on input line 58.
LaTeX Font Info:    Try loading font information for OT1+ptm on input line 58.

(/usr/local/texlive/2015/texmf-dist/tex/latex/psnfss/ot1ptm.fd
File: ot1ptm.fd 2001/06/04 font definitions for OT1/ptm.
)
(/usr/local/texlive/2015/texmf-dist/tex/context/base/supp-pdf.mkii
[Loading MPS to PDF converter (version 2006.09.02).]
\scratchcounter=\count139
\scratchdimen=\dimen117
\scratchbox=\box29
\nofMPsegments=\count140
\nofMParguments=\count141
\everyMPshowfont=\toks23
\MPscratchCnt=\count142
\MPscratchDim=\dimen118
\MPnumerator=\count143
\makeMPintoPDFobject=\count144
\everyMPtoPDFconversion=\toks24
) (/usr/local/texlive/2015/texmf-dist/tex/generic/oberdiek/pdftexcmds.sty
Package: pdftexcmds 2011/11/29 v0.20 Utility functions of pdfTeX for LuaTeX (HO
)

(/usr/local/texlive/2015/texmf-dist/tex/generic/oberdiek/ifluatex.sty
Package: ifluatex 2010/03/01 v1.3 Provides the ifluatex switch (HO)
Package ifluatex Info: LuaTeX not detected.
)
(/usr/local/texlive/2015/texmf-dist/tex/generic/oberdiek/ifpdf.sty
Package: ifpdf 2011/01/30 v2.3 Provides the ifpdf switch (HO)
Package ifpdf Info: pdfTeX in PDF mode is detected.
)
Package pdftexcmds Info: LuaTeX not detected.
Package pdftexcmds Info: \pdf@primitive is available.
Package pdftexcmds Info: \pdf@ifprimitive is available.
Package pdftexcmds Info: \pdfdraftmode found.
)
(/usr/local/texlive/2015/texmf-dist/tex/latex/oberdiek/epstopdf-base.sty
Package: epstopdf-base 2010/02/09 v2.5 Base part for package epstopdf

(/usr/local/texlive/2015/texmf-dist/tex/latex/oberdiek/grfext.sty
Package: grfext 2010/08/19 v1.1 Manage graphics extensions (HO)

(/usr/local/texlive/2015/texmf-dist/tex/generic/oberdiek/kvdefinekeys.sty
Package: kvdefinekeys 2011/04/07 v1.3 Define keys (HO)
))
(/usr/local/texlive/2015/texmf-dist/tex/latex/oberdiek/kvoptions.sty
Package: kvoptions 2011/06/30 v3.11 Key value format for package options (HO)

(/usr/local/texlive/2015/texmf-dist/tex/generic/oberdiek/kvsetkeys.sty
Package: kvsetkeys 2012/04/25 v1.16 Key value parser (HO)

(/usr/local/texlive/2015/texmf-dist/tex/generic/oberdiek/etexcmds.sty
Package: etexcmds 2011/02/16 v1.5 Avoid name clashes with e-TeX commands (HO)
Package etexcmds Info: Could not find \expanded.
(etexcmds)             That can mean that you are not using pdfTeX 1.50 or
(etexcmds)             that some package has redefined \expanded.
(etexcmds)             In the latter case, load this package earlier.
)))
Package grfext Info: Graphics extension search list:
(grfext)             [.png,.pdf,.jpg,.mps,.jpeg,.jbig2,.jb2,.PNG,.PDF,.JPG,.JPE
G,.JBIG2,.JB2,.eps]
(grfext)             \AppendGraphicsExtensions on input line 452.

(/usr/local/texlive/2015/texmf-dist/tex/latex/latexconfig/epstopdf-sys.cfg
File: epstopdf-sys.cfg 2010/07/13 v1.3 Configuration of (r)epstopdf for TeX Liv
e
))
Package epstopdf Info: Source file: <small.eps>
(epstopdf)                    date: 2018-07-16 12:14:58
(epstopdf)                    size: 133960 bytes
(epstopdf)             Output file: <small-eps-converted-to.pdf>
(epstopdf)                    date: 2018-07-16 12:14:58
(epstopdf)                    size: 14469 bytes
(epstopdf)             Command: <repstopdf --outfile=small-eps-converted-to.pdf
 small.eps>
(epstopdf)             \includegraphics on input line 62.
Package epstopdf Info: Output file is already uptodate.

<small-eps-converted-to.pdf, id=1, 72.27pt x 115.43124pt>
File: small-eps-converted-to.pdf Graphic file (type pdf)

<use small-eps-converted-to.pdf>
Package pdftex.def Info: small-eps-converted-to.pdf used on input line 62.
(pdftex.def)             Requested size: 53.44145pt x 85.35826pt.

Overfull \hbox (83.44145pt too wide) detected at line 62
 []
 []


Overfull \vbox (85.35826pt too high) detected at line 62
 []

LaTeX Font Info:    Try loading font information for OT1+phv on input line 62.
(/usr/local/texlive/2015/texmf-dist/tex/latex/psnfss/ot1phv.fd
File: ot1phv.fd 2001/06/04 scalable font definitions for OT1/phv.
)
LaTeX Font Info:    Font shape `OT1/phv/bx/n' in size <16> not available
(Font)              Font shape `OT1/phv/b/n' tried instead on input line 62.
LaTeX Font Info:    Font shape `OT1/phv/bx/it' in size <16> not available
(Font)              Font shape `OT1/phv/b/it' tried instead on input line 62.
LaTeX Font Info:    Font shape `OT1/phv/b/it' in size <16> not available
(Font)              Font shape `OT1/phv/b/sl' tried instead on input line 62.
LaTeX Font Info:    Calculating math sizes for size <10.5> on input line 62.


LaTeX Font Warning: Font shape `OML/cmm/m/it' in size <10.5> not available
(Font)              size <10.95> substituted on input line 62.


LaTeX Font Warning: Font shape `OMS/cmsy/m/n' in size <10.5> not available
(Font)              size <10.95> substituted on input line 62.

LaTeX Font Info:    Try loading font information for U+msa on input line 62.
(/usr/local/texlive/2015/texmf-dist/tex/latex/amsfonts/umsa.fd
File: umsa.fd 2013/01/14 v3.01 AMS symbols A
)
LaTeX Font Info:    Try loading font information for U+msb on input line 62.

(/usr/local/texlive/2015/texmf-dist/tex/latex/amsfonts/umsb.fd
File: umsb.fd 2013/01/14 v3.01 AMS symbols B
)
LaTeX Font Info:    Font shape `OT1/phv/m/it' in size <13> not available
(Font)              Font shape `OT1/phv/m/sl' tried instead on input line 62.
LaTeX Font Info:    Calculating math sizes for size <13> on input line 62.


LaTeX Font Warning: Font shape `OT1/cmr/m/n' in size <13> not available
(Font)              size <12> substituted on input line 62.


LaTeX Font Warning: Font shape `OT1/cmr/m/n' in size <6.5> not available
(Font)              size <6> substituted on input line 62.


LaTeX Font Warning: Font shape `OML/cmm/m/it' in size <13> not available
(Font)              size <12> substituted on input line 62.


LaTeX Font Warning: Font shape `OML/cmm/m/it' in size <6.5> not available
(Font)              size <6> substituted on input line 62.


LaTeX Font Warning: Font shape `OMS/cmsy/m/n' in size <13> not available
(Font)              size <12> substituted on input line 62.


LaTeX Font Warning: Font shape `OMS/cmsy/m/n' in size <6.5> not available
(Font)              size <6> substituted on input line 62.

LaTeX Font Info:    Font shape `OT1/phv/m/it' in size <9.09996> not available
(Font)              Font shape `OT1/phv/m/sl' tried instead on input line 62.
LaTeX Font Info:    Font shape `OT1/phv/m/it' in size <10> not available
(Font)              Font shape `OT1/phv/m/sl' tried instead on input line 62.
LaTeX Font Info:    Font shape `OT1/phv/m/it' in size <7> not available
(Font)              Font shape `OT1/phv/m/sl' tried instead on input line 62.
LaTeX Font Info:    Font shape `OT1/phv/bx/n' in size <9.5> not available
(Font)              Font shape `OT1/phv/b/n' tried instead on input line 64.
LaTeX Font Info:    Try loading font information for OT1+pcr on input line 66.
(/usr/local/texlive/2015/texmf-dist/tex/latex/psnfss/ot1pcr.fd
File: ot1pcr.fd 2001/06/04 font definitions for OT1/pcr.
)
Underfull \hbox (badness 10000) in paragraph at lines 65--73
\OT1/phv/b/n/9.5 Summary: \OT1/phv/m/n/9.5 Bio-con-duc-tor's []\OT1/pcr/m/n/9.5
 SummarizedExperiment
 []


Underfull \hbox (badness 3525) in paragraph at lines 65--73
\OT1/phv/m/n/9.5 and experiment-level meta-data. We de-scribe a de-
 []


Underfull \hbox (badness 10000) in paragraph at lines 65--73
\OT1/phv/m/n/9.5 ploy-ment of this data model for data re-sources
 []


Underfull \hbox (badness 5302) in paragraph at lines 65--73
\OT1/phv/m/n/9.5 that are ac-ces-si-ble via REST APIs. We il-lus-trate
 []


Underfull \hbox (badness 10000) in paragraph at lines 65--73
[]\OT1/pcr/m/n/9.5 SummarizedExperiment\OT1/phv/m/n/9.5 s with HDF Server, HDF
 []

LaTeX Font Info:    Font shape `OT1/phv/m/it' in size <9.5> not available
(Font)              Font shape `OT1/phv/m/sl' tried instead on input line 73.
LaTeX Font Info:    Calculating math sizes for size <9.5> on input line 74.

LaTeX Font Warning: Font shape `OT1/cmr/m/n' in size <9.5> not available
(Font)              size <9> substituted on input line 74.


LaTeX Font Warning: Font shape `OML/cmm/m/it' in size <9.5> not available
(Font)              size <9> substituted on input line 74.


LaTeX Font Warning: Font shape `OMS/cmsy/m/n' in size <9.5> not available
(Font)              size <9> substituted on input line 74.

LaTeX Font Info:    Font shape `OT1/phv/bx/n' in size <11> not available
(Font)              Font shape `OT1/phv/b/n' tried instead on input line 80.

Underfull \hbox (badness 3838) in paragraph at lines 82--95
\OT1/ptm/m/n/10.5 single-cell tran-scrip-tomic ex-per-i-ments (like the 10x
 []


Underfull \hbox (badness 1342) in paragraph at lines 82--95
\OT1/ptm/m/n/10.5 HDF5 data are avail-able in nu-mer-ous lan-guage; our
 []


Underfull \hbox (badness 4217) in paragraph at lines 82--95
\OT1/ptm/m/n/10.5 archives with fa-mil-iar and se-man-ti-cally mean-ing-ful
 []

LaTeX Font Info:    Font shape `OT1/ptm/bx/n' in size <11> not available
(Font)              Font shape `OT1/ptm/b/n' tried instead on input line 98.

Underfull \hbox (badness 1460) in paragraph at lines 100--114
\OT1/ptm/m/n/10.5 these quan-tifi-ca-tions are man-aged in a Bio-con-duc-tor
 []


Underfull \hbox (badness 1072) in paragraph at lines 100--114
\OT1/ptm/m/n/10.5 meta-data (e.g., gene or tran-script names and char-ac-
 []


Underfull \hbox (badness 1960) in paragraph at lines 100--114
\OT1/ptm/m/n/10.5 by []\OT1/pcr/m/n/10.5 colData\OT1/ptm/m/n/10.5 . [CITE HU-BE
R] The id-iom []\OT1/pcr/m/n/10.5 X[G,S]
 []


Underfull \vbox (badness 10000) has occurred while \output is active []

LaTeX Font Info:    Font shape `OT1/ptm/bx/n' in size <10.5> not available
(Font)              Font shape `OT1/ptm/b/n' tried instead on input line 117.

Underfull \hbox (badness 10000) in paragraph at lines 133--146
\OT1/ptm/m/n/10.5 The []\OT1/pcr/m/n/10.5 restfulSE \OT1/ptm/m/n/10.5 pack-age 
pro-vides in-ter-faces to
 []


Underfull \hbox (badness 2608) in paragraph at lines 133--146
\OT1/ptm/m/n/10.5 re-mote HDF5 and Big-Query so that the nu-mer-i-cal
 []


Underfull \hbox (badness 1960) in paragraph at lines 133--146
\OT1/ptm/m/n/10.5 duc-tor []\OT1/pcr/m/n/10.5 DelayedArray \OT1/ptm/m/n/10.5 AP
I. Any []\OT1/pcr/m/n/10.5 DelayedArray
 []


Underfull \hbox (badness 2707) in paragraph at lines 133--146
\OT1/ptm/m/n/10.5 in-stance can serve as the []\OT1/pcr/m/n/10.5 assay \OT1/ptm
/m/n/10.5 com-po-nent of a
 []


Underfull \hbox (badness 3108) in paragraph at lines 133--146
\OT1/ptm/m/n/10.5 rich meta-data to genome-scale as-says are ex-tended
 []


Underfull \hbox (badness 3758) in paragraph at lines 133--146
\OT1/ptm/m/n/10.5 poor. In con-junc-tion with the []\OT1/pcr/m/n/10.5 rhdf5clie
nt \OT1/ptm/m/n/10.5 and
 []


Underfull \hbox (badness 1694) in paragraph at lines 133--146
[]\OT1/pcr/m/n/10.5 rowData\OT1/ptm/m/n/10.5 , []\OT1/pcr/m/n/10.5 rowRanges\OT
1/ptm/m/n/10.5 , and []\OT1/pcr/m/n/10.5 colData \OT1/ptm/m/n/10.5 into for-mal

 []

No file restfulSE.bbl.
LaTeX Font Info:    Font shape `OT1/ptm/bx/it' in size <20> not available
(Font)              Font shape `OT1/ptm/b/it' tried instead on input line 156.
LaTeX Font Info:    Font shape `OT1/phv/bx/it' in size <20> not available
(Font)              Font shape `OT1/phv/b/it' tried instead on input line 156.
LaTeX Font Info:    Font shape `OT1/phv/b/it' in size <20> not available
(Font)              Font shape `OT1/phv/b/sl' tried instead on input line 156.
Package color Info: Redefining color gray20 on input line 156.
LaTeX Font Info:    Font shape `OT1/phv/m/it' in size <9> not available
(Font)              Font shape `OT1/phv/m/sl' tried instead on input line 156.
LaTeX Font Info:    Try loading font information for OMS+phv on input line 156.

(/usr/local/texlive/2015/texmf-dist/tex/latex/psnfss/omsphv.fd
File: omsphv.fd 
)
LaTeX Font Info:    Font shape `OMS/phv/m/n' in size <8> not available
(Font)              Font shape `OMS/cmsy/m/n' tried instead on input line 156.
LaTeX Font Info:    Font shape `OT1/phv/bx/n' in size <10.5> not available
(Font)              Font shape `OT1/phv/b/n' tried instead on input line 156.
 [1{/usr/local/texlive/2015/texmf-var/fonts/map/pdftex/updmap/pdftex.map}


 <./small-eps-converted-to.pdf>]
LaTeX Font Info:    Font shape `OT1/phv/bx/n' in size <9> not available
(Font)              Font shape `OT1/phv/b/n' tried instead on input line 157.
 [2

] (./restfulSE.aux)

LaTeX Font Warning: Size substitutions with differences
(Font)              up to 1.0pt have occurred.

 )
(\end occurred when \ifx on line 62 was incomplete) 
Here is how much of TeX's memory you used:
 3874 strings out of 493027
 49971 string characters out of 6134069
 119622 words of memory out of 10000000
 7314 multiletter control sequences out of 15000+600000
 54623 words of font info for 115 fonts, out of 10000000 for 9000
 1141 hyphenation exceptions out of 8191
 38i,11n,26p,240b,314s stack positions out of 5000i,500n,10000p,200000b,80000s
{/usr/local/texlive/2015/tex
mf-dist/fonts/enc/dvips/base/8r.enc}</usr/local/texlive/2015/texmf-dist/fonts/t
ype1/public/amsfonts/cm/cmmi10.pfb></usr/local/texlive/2015/texmf-dist/fonts/ty
pe1/public/amsfonts/cm/cmr10.pfb></usr/local/texlive/2015/texmf-dist/fonts/type
1/public/amsfonts/cm/cmsy10.pfb></usr/local/texlive/2015/texmf-dist/fonts/type1
/public/amsfonts/cm/cmsy8.pfb></usr/local/texlive/2015/texmf-dist/fonts/type1/u
rw/courier/ucrr8a.pfb></usr/local/texlive/2015/texmf-dist/fonts/type1/urw/helve
tic/uhvb8a.pfb></usr/local/texlive/2015/texmf-dist/fonts/type1/urw/helvetic/uhv
bo8a.pfb></usr/local/texlive/2015/texmf-dist/fonts/type1/urw/helvetic/uhvr8a.pf
b></usr/local/texlive/2015/texmf-dist/fonts/type1/urw/helvetic/uhvro8a.pfb></us
r/local/texlive/2015/texmf-dist/fonts/type1/urw/times/utmb8a.pfb></usr/local/te
xlive/2015/texmf-dist/fonts/type1/urw/times/utmr8a.pfb>
Output written on restfulSE.pdf (2 pages, 127805 bytes).
PDF statistics:
 60 PDF objects out of 1000 (max. 8388607)
 42 compressed objects within 1 object stream
 0 named destinations out of 1000 (max. 500000)
 6 words of extra memory for PDF output out of 10000 (max. 10000000)

